[2019-11-15T17:19:04.544] [DEBUG] cheese - login => username:1,password:1
[2019-11-15T17:19:04.547] [DEBUG] cheese - 1
[2019-11-15T17:19:04.587] [DEBUG] cheese - null
[2019-11-15T17:19:04.588] [DEBUG] cheese - null
[2019-11-15T17:19:15.271] [DEBUG] cheese - login => username:admin,password:123456
[2019-11-15T17:19:15.272] [DEBUG] cheese - admin
[2019-11-15T17:19:15.281] [DEBUG] cheese - null
[2019-11-15T17:19:15.281] [DEBUG] cheese - null
[2019-11-16T18:14:25.541] [DEBUG] cheese - login => username:admin,password:123456
[2019-11-16T18:14:25.544] [DEBUG] cheese - admin
[2019-11-16T18:14:25.577] [DEBUG] cheese - null
[2019-11-16T18:14:25.577] [DEBUG] cheese - null
[2019-11-17T20:08:08.181] [DEBUG] cheese - login => username:111,password:111
[2019-11-17T20:08:08.183] [DEBUG] cheese - 111
[2019-11-17T20:08:08.233] [DEBUG] cheese - null
[2019-11-17T20:08:08.233] [DEBUG] cheese - null
[2019-11-17T20:09:06.615] [DEBUG] cheese - login => username:123,password:123
[2019-11-17T20:09:06.617] [DEBUG] cheese - 123
[2019-11-17T20:09:06.622] [DEBUG] cheese - null
[2019-11-17T20:09:06.622] [DEBUG] cheese - null
[2019-11-17T20:09:19.826] [DEBUG] cheese - login => username:admin,password:123456
[2019-11-17T20:09:19.826] [DEBUG] cheese - admin
[2019-11-17T20:09:19.836] [DEBUG] cheese - null
[2019-11-17T20:09:19.836] [DEBUG] cheese - null
[2019-11-17T20:09:33.171] [DEBUG] cheese - login => username:admin,password:123456
[2019-11-17T20:09:33.172] [DEBUG] cheese - admin
[2019-11-17T20:09:33.175] [DEBUG] cheese - null
[2019-11-17T20:09:33.175] [DEBUG] cheese - null
[2019-11-17T20:11:15.847] [DEBUG] cheese - login => username:123,password:12345
[2019-11-17T20:11:15.847] [DEBUG] cheese - 123
[2019-11-17T20:11:15.852] [DEBUG] cheese - null
[2019-11-17T20:11:15.852] [DEBUG] cheese - null
[2019-11-17T20:11:27.502] [DEBUG] cheese - login => username:admin,password:123456
[2019-11-17T20:11:27.503] [DEBUG] cheese - admin
[2019-11-17T20:11:27.506] [DEBUG] cheese - null
[2019-11-17T20:11:27.506] [DEBUG] cheese - null
[2019-11-17T20:12:32.295] [DEBUG] cheese - login => username:133,password:123
[2019-11-17T20:12:32.295] [DEBUG] cheese - 133
[2019-11-17T20:12:32.298] [DEBUG] cheese - null
[2019-11-17T20:12:32.298] [DEBUG] cheese - null
[2019-11-17T20:13:27.982] [DEBUG] cheese - login => username:12345,password:132456
[2019-11-17T20:13:27.983] [DEBUG] cheese - 12345
[2019-11-17T20:13:27.986] [DEBUG] cheese - null
[2019-11-17T20:13:27.986] [DEBUG] cheese - null
[2019-11-17T20:13:42.608] [DEBUG] cheese - login => username:admin,password:123456
[2019-11-17T20:13:42.608] [DEBUG] cheese - admin
[2019-11-17T20:13:42.610] [DEBUG] cheese - null
[2019-11-17T20:13:42.610] [DEBUG] cheese - null
[2019-11-17T20:16:27.170] [DEBUG] cheese - login => username:123465,password:123456
[2019-11-17T20:16:27.171] [DEBUG] cheese - 123465
[2019-11-17T20:16:27.174] [DEBUG] cheese - null
[2019-11-17T20:16:27.174] [DEBUG] cheese - null
[2019-11-17T20:16:35.399] [DEBUG] cheese - login => username:admin,password:123456
[2019-11-17T20:16:35.399] [DEBUG] cheese - admin
[2019-11-17T20:16:35.405] [DEBUG] cheese - null
[2019-11-17T20:16:35.405] [DEBUG] cheese - null
[2019-11-17T20:47:30.230] [DEBUG] cheese - login => username:123,password:132
[2019-11-17T20:47:30.230] [DEBUG] cheese - 123
[2019-11-17T20:47:30.234] [DEBUG] cheese - null
[2019-11-17T20:47:30.234] [DEBUG] cheese - null
[2019-11-17T20:47:39.129] [DEBUG] cheese - login => username:admin,password:123456
[2019-11-17T20:47:39.130] [DEBUG] cheese - admin
[2019-11-17T20:47:39.135] [DEBUG] cheese - null
[2019-11-17T20:47:39.135] [DEBUG] cheese - null
[2019-11-17T21:17:49.593] [DEBUG] cheese - login => username:123456,password:123456
[2019-11-17T21:17:49.593] [DEBUG] cheese - 123456
[2019-11-17T21:17:49.604] [DEBUG] cheese - null
[2019-11-17T21:17:49.604] [DEBUG] cheese - null
[2019-11-17T21:17:57.007] [DEBUG] cheese - login => username:admin,password:123456
[2019-11-17T21:17:57.007] [DEBUG] cheese - admin
[2019-11-17T21:17:57.010] [DEBUG] cheese - null
[2019-11-17T21:17:57.010] [DEBUG] cheese - null
[2019-11-17T21:20:14.703] [DEBUG] cheese - login => username:admin,password:123456
[2019-11-17T21:20:14.703] [DEBUG] cheese - admin
[2019-11-17T21:20:14.706] [DEBUG] cheese - null
[2019-11-17T21:20:14.706] [DEBUG] cheese - null
[2019-11-17T21:56:13.520] [DEBUG] cheese - login => username:admin,password:123456
[2019-11-17T21:56:13.520] [DEBUG] cheese - admin
[2019-11-17T21:56:13.525] [DEBUG] cheese - null
[2019-11-17T21:56:13.525] [DEBUG] cheese - null
[2019-11-17T21:56:38.972] [DEBUG] cheese - login => username:admin,password:123456
[2019-11-17T21:56:38.972] [DEBUG] cheese - admin
[2019-11-17T21:56:38.976] [DEBUG] cheese - null
[2019-11-17T21:56:38.976] [DEBUG] cheese - null
[2019-11-17T22:01:00.850] [DEBUG] cheese - login => username:admin,password:123456
[2019-11-17T22:01:00.850] [DEBUG] cheese - admin
[2019-11-17T22:01:00.853] [DEBUG] cheese - null
[2019-11-17T22:01:00.853] [DEBUG] cheese - null
[2019-11-17T22:34:53.310] [DEBUG] cheese - login => username:admin,password:123456
[2019-11-17T22:34:53.310] [DEBUG] cheese - admin
[2019-11-17T22:34:53.319] [DEBUG] cheese - null
[2019-11-17T22:34:53.319] [DEBUG] cheese - null
[2019-11-17T22:35:01.280] [DEBUG] cheese - login => username:admin,password:123456
[2019-11-17T22:35:01.280] [DEBUG] cheese - admin
[2019-11-17T22:35:01.282] [DEBUG] cheese - null
[2019-11-17T22:35:01.282] [DEBUG] cheese - null
[2019-11-17T22:35:12.472] [DEBUG] cheese - login => username:admin,password:123456
[2019-11-17T22:35:12.474] [DEBUG] cheese - admin
[2019-11-17T22:35:12.476] [DEBUG] cheese - null
[2019-11-17T22:35:12.477] [DEBUG] cheese - null
[2019-11-17T22:46:28.948] [DEBUG] cheese - login => username:admin,password:123456
[2019-11-17T22:46:28.948] [DEBUG] cheese - admin
[2019-11-17T22:46:28.951] [DEBUG] cheese - null
[2019-11-17T22:46:28.951] [DEBUG] cheese - null
[2019-11-17T22:52:15.222] [DEBUG] cheese - login => username:admin,password:123456
[2019-11-17T22:52:15.222] [DEBUG] cheese - admin
[2019-11-17T22:52:15.224] [DEBUG] cheese - null
[2019-11-17T22:52:15.225] [DEBUG] cheese - null
[2019-11-18T10:16:24.534] [DEBUG] cheese - login => username:admin,password:123456
[2019-11-18T10:16:24.536] [DEBUG] cheese - admin
[2019-11-18T10:16:24.576] [DEBUG] cheese - null
[2019-11-18T10:16:24.576] [DEBUG] cheese - null
[2019-11-18T11:39:37.457] [DEBUG] cheese - login => username:admin,password:123456
[2019-11-18T11:39:37.458] [DEBUG] cheese - admin
[2019-11-18T11:39:37.470] [DEBUG] cheese - null
[2019-11-18T11:39:37.470] [DEBUG] cheese - null
[2019-11-18T11:41:15.227] [DEBUG] cheese - login => username:admin,password:123456
[2019-11-18T11:41:15.227] [DEBUG] cheese - admin
[2019-11-18T11:41:15.230] [DEBUG] cheese - null
[2019-11-18T11:41:15.230] [DEBUG] cheese - null
[2019-11-18T16:23:27.964] [DEBUG] cheese - login => username:admin,password:123456
[2019-11-18T16:23:27.965] [DEBUG] cheese - admin
[2019-11-18T16:23:27.971] [DEBUG] cheese - null
[2019-11-18T16:23:27.971] [DEBUG] cheese - null
[2019-11-18T16:23:33.225] [DEBUG] cheese - login => username:admin,password:12345
[2019-11-18T16:23:33.225] [DEBUG] cheese - admin
[2019-11-18T16:23:33.230] [DEBUG] cheese - null
[2019-11-18T16:23:33.230] [DEBUG] cheese - null
[2019-11-18T16:23:34.158] [DEBUG] cheese - login => username:admin,password:12345
[2019-11-18T16:23:34.158] [DEBUG] cheese - admin
[2019-11-18T16:23:34.161] [DEBUG] cheese - null
[2019-11-18T16:23:34.161] [DEBUG] cheese - null
[2019-11-18T16:23:39.786] [DEBUG] cheese - login => username:admin,password:12345
[2019-11-18T16:23:39.786] [DEBUG] cheese - admin
[2019-11-18T16:23:39.790] [DEBUG] cheese - null
[2019-11-18T16:23:39.790] [DEBUG] cheese - null
[2019-11-18T16:23:44.995] [DEBUG] cheese - login => username:admin,password:123456
[2019-11-18T16:23:44.995] [DEBUG] cheese - admin
[2019-11-18T16:23:44.998] [DEBUG] cheese - null
[2019-11-18T16:23:44.998] [DEBUG] cheese - null
[2019-11-18T17:12:13.524] [DEBUG] cheese - login => username:admin,password:123456
[2019-11-18T17:12:13.526] [DEBUG] cheese - admin
[2019-11-18T17:12:13.541] [DEBUG] cheese - null
[2019-11-18T17:12:13.541] [DEBUG] cheese - null
[2019-11-18T19:27:54.550] [DEBUG] cheese - login => username:admin,password:123456
[2019-11-18T19:27:54.551] [DEBUG] cheese - admin
[2019-11-18T19:27:54.562] [DEBUG] cheese - null
[2019-11-18T19:27:54.562] [DEBUG] cheese - null
[2019-11-18T19:28:36.998] [DEBUG] cheese - login => username:admin,password:123456
[2019-11-18T19:28:36.999] [DEBUG] cheese - admin
[2019-11-18T19:28:37.011] [DEBUG] cheese - null
[2019-11-18T19:28:37.011] [DEBUG] cheese - null
[2019-11-18T19:29:34.135] [DEBUG] cheese - login => username:admin,password:123456
[2019-11-18T19:29:34.135] [DEBUG] cheese - admin
[2019-11-18T19:29:34.138] [DEBUG] cheese - null
[2019-11-18T19:29:34.138] [DEBUG] cheese - null
[2019-11-18T19:35:05.285] [DEBUG] cheese - login => username:admin,password:123456
[2019-11-18T19:35:05.285] [DEBUG] cheese - admin
[2019-11-18T19:35:05.288] [DEBUG] cheese - null
[2019-11-18T19:35:05.288] [DEBUG] cheese - null
[2019-11-18T19:35:17.046] [DEBUG] cheese - login => username:admin,password:123456
[2019-11-18T19:35:17.047] [DEBUG] cheese - admin
[2019-11-18T19:35:17.049] [DEBUG] cheese - null
[2019-11-18T19:35:17.049] [DEBUG] cheese - null
[2019-11-18T19:35:22.111] [DEBUG] cheese - login => username:admin,password:123456
[2019-11-18T19:35:22.111] [DEBUG] cheese - admin
[2019-11-18T19:35:22.117] [DEBUG] cheese - null
[2019-11-18T19:35:22.117] [DEBUG] cheese - null
[2019-11-18T19:35:35.786] [DEBUG] cheese - login => username:admin,password:123456
[2019-11-18T19:35:35.787] [DEBUG] cheese - admin
[2019-11-18T19:35:35.790] [DEBUG] cheese - null
[2019-11-18T19:35:35.790] [DEBUG] cheese - null
[2019-11-18T19:36:42.869] [DEBUG] cheese - login => username:admin,password:123456
[2019-11-18T19:36:42.869] [DEBUG] cheese - admin
[2019-11-18T19:36:42.874] [DEBUG] cheese - null
[2019-11-18T19:36:42.874] [DEBUG] cheese - null
[2019-11-18T19:37:13.212] [DEBUG] cheese - login => username:admin,password:123456
[2019-11-18T19:37:13.212] [DEBUG] cheese - admin
[2019-11-18T19:37:13.217] [DEBUG] cheese - null
[2019-11-18T19:37:13.217] [DEBUG] cheese - null
[2019-11-18T19:37:19.342] [DEBUG] cheese - login => username:admin,password:123456
[2019-11-18T19:37:19.342] [DEBUG] cheese - admin
[2019-11-18T19:37:19.346] [DEBUG] cheese - null
[2019-11-18T19:37:19.346] [DEBUG] cheese - null
[2019-11-18T19:37:44.467] [DEBUG] cheese - login => username:admin,password:123456
[2019-11-18T19:37:44.467] [DEBUG] cheese - admin
[2019-11-18T19:37:44.469] [DEBUG] cheese - null
[2019-11-18T19:37:44.470] [DEBUG] cheese - null
[2019-11-18T20:02:35.236] [DEBUG] cheese - login => username:admin,password:123456
[2019-11-18T20:02:35.237] [DEBUG] cheese - admin
[2019-11-18T20:02:35.240] [DEBUG] cheese - null
[2019-11-18T20:02:35.240] [DEBUG] cheese - null
[2019-11-18T22:20:10.296] [DEBUG] cheese - login => username:admin,password:123456
[2019-11-18T22:20:10.298] [DEBUG] cheese - admin
[2019-11-18T22:20:10.306] [DEBUG] cheese - null
[2019-11-18T22:20:10.306] [DEBUG] cheese - null
[2019-11-18T22:20:12.505] [DEBUG] cheese - login => username:admin,password:123456
[2019-11-18T22:20:12.506] [DEBUG] cheese - admin
[2019-11-18T22:20:12.508] [DEBUG] cheese - null
[2019-11-18T22:20:12.508] [DEBUG] cheese - null
[2019-11-18T22:20:14.737] [DEBUG] cheese - login => username:admin,password:123456
[2019-11-18T22:20:14.738] [DEBUG] cheese - admin
[2019-11-18T22:20:14.741] [DEBUG] cheese - null
[2019-11-18T22:20:14.741] [DEBUG] cheese - null
[2019-11-18T22:20:17.284] [DEBUG] cheese - login => username:admin,password:123456
[2019-11-18T22:20:17.284] [DEBUG] cheese - admin
[2019-11-18T22:20:17.286] [DEBUG] cheese - null
[2019-11-18T22:20:17.286] [DEBUG] cheese - null
[2019-11-18T22:20:28.645] [DEBUG] cheese - login => username:admin,password:123456
[2019-11-18T22:20:28.645] [DEBUG] cheese - admin
[2019-11-18T22:20:28.649] [DEBUG] cheese - null
[2019-11-18T22:20:28.649] [DEBUG] cheese - null
[2019-11-19T09:01:39.935] [DEBUG] cheese - login => username:admin,password:123456
[2019-11-19T09:01:39.938] [DEBUG] cheese - admin
[2019-11-19T09:01:39.982] [DEBUG] cheese - null
[2019-11-19T09:01:39.982] [DEBUG] cheese - null
[2019-11-19T09:01:49.093] [DEBUG] cheese - login => username:admin,password:123456
[2019-11-19T09:01:49.093] [DEBUG] cheese - admin
[2019-11-19T09:01:49.097] [DEBUG] cheese - null
[2019-11-19T09:01:49.098] [DEBUG] cheese - null
[2019-11-19T09:14:42.481] [DEBUG] cheese - login => username:admin,password:123456
[2019-11-19T09:14:42.481] [DEBUG] cheese - admin
[2019-11-19T09:14:42.484] [DEBUG] cheese - null
[2019-11-19T09:14:42.484] [DEBUG] cheese - null
[2019-11-19T09:14:48.254] [DEBUG] cheese - login => username:admin,password:123456
[2019-11-19T09:14:48.254] [DEBUG] cheese - admin
[2019-11-19T09:14:48.256] [DEBUG] cheese - null
[2019-11-19T09:14:48.256] [DEBUG] cheese - null
[2019-11-19T10:57:50.974] [DEBUG] cheese - login => username:admin,password:123456
[2019-11-19T10:57:50.975] [DEBUG] cheese - admin
[2019-11-19T10:57:50.980] [DEBUG] cheese - null
[2019-11-19T10:57:50.981] [DEBUG] cheese - null
[2019-11-19T10:59:49.511] [DEBUG] cheese - login => username:admin,password:123456
[2019-11-19T10:59:49.512] [DEBUG] cheese - admin
[2019-11-19T10:59:49.515] [DEBUG] cheese - null
[2019-11-19T10:59:49.515] [DEBUG] cheese - null
[2019-11-19T11:00:25.728] [DEBUG] cheese - login => username:admin,password:123456
[2019-11-19T11:00:25.728] [DEBUG] cheese - admin
[2019-11-19T11:00:25.731] [DEBUG] cheese - null
[2019-11-19T11:00:25.731] [DEBUG] cheese - null
[2019-11-19T15:15:10.560] [DEBUG] cheese - login => username:admin,password:123456
[2019-11-19T15:15:10.563] [DEBUG] cheese - admin
[2019-11-19T15:15:10.573] [DEBUG] cheese - null
[2019-11-19T15:15:10.573] [DEBUG] cheese - null
[2019-11-19T19:05:51.988] [DEBUG] cheese - login => username:admin,password:123456
[2019-11-19T19:05:51.991] [DEBUG] cheese - admin
[2019-11-19T19:05:52.004] [DEBUG] cheese - null
[2019-11-19T19:05:52.004] [DEBUG] cheese - null
[2019-11-19T20:17:18.723] [DEBUG] cheese - login => username:admin,password:123456
[2019-11-19T20:17:18.724] [DEBUG] cheese - admin
[2019-11-19T20:17:18.729] [DEBUG] cheese - null
[2019-11-19T20:17:18.729] [DEBUG] cheese - null
[2019-11-19T21:37:45.325] [DEBUG] cheese - login => username:admin,password:123456
[2019-11-19T21:37:45.335] [DEBUG] cheese - admin
[2019-11-19T21:37:45.354] [DEBUG] cheese - null
[2019-11-19T21:37:45.355] [DEBUG] cheese - null
[2019-11-19T22:20:35.969] [DEBUG] cheese - login => username:admin,password:123456
[2019-11-19T22:20:35.970] [DEBUG] cheese - admin
[2019-11-19T22:20:35.976] [DEBUG] cheese - null
[2019-11-19T22:20:35.977] [DEBUG] cheese - null
[2019-11-20T09:04:38.965] [DEBUG] cheese - login => username:admin,password:123456
[2019-11-20T09:04:38.967] [DEBUG] cheese - admin
[2019-11-20T09:04:39.005] [DEBUG] cheese - null
[2019-11-20T09:04:39.005] [DEBUG] cheese - null
[2019-11-20T10:44:33.454] [DEBUG] cheese - login => username:admin,password:123456
[2019-11-20T10:44:33.455] [DEBUG] cheese - admin
[2019-11-20T10:44:33.467] [DEBUG] cheese - null
[2019-11-20T10:44:33.467] [DEBUG] cheese - null
[2019-11-20T10:46:43.773] [DEBUG] cheese - login => username:admin,password:123456
[2019-11-20T10:46:43.773] [DEBUG] cheese - admin
[2019-11-20T10:46:43.778] [DEBUG] cheese - null
[2019-11-20T10:46:43.778] [DEBUG] cheese - null
[2019-11-20T10:51:55.505] [DEBUG] cheese - login => username:admin,password:123456
[2019-11-20T10:51:55.505] [DEBUG] cheese - admin
[2019-11-20T10:51:55.508] [DEBUG] cheese - null
[2019-11-20T10:51:55.509] [DEBUG] cheese - null
[2019-11-20T11:09:36.083] [DEBUG] cheese - login => username:admin,password:123456
[2019-11-20T11:09:36.083] [DEBUG] cheese - admin
[2019-11-20T11:09:36.085] [DEBUG] cheese - null
[2019-11-20T11:09:36.085] [DEBUG] cheese - null
[2019-11-20T11:12:58.881] [DEBUG] cheese - login => username:admin,password:123456
[2019-11-20T11:12:58.881] [DEBUG] cheese - admin
[2019-11-20T11:12:58.884] [DEBUG] cheese - null
[2019-11-20T11:12:58.884] [DEBUG] cheese - null
[2019-11-20T11:27:52.052] [DEBUG] cheese - login => username:admin,password:123456
[2019-11-20T11:27:52.052] [DEBUG] cheese - admin
[2019-11-20T11:27:52.057] [DEBUG] cheese - null
[2019-11-20T11:27:52.057] [DEBUG] cheese - null
[2019-11-20T15:51:52.399] [DEBUG] cheese - login => username:admin,password:123456
[2019-11-20T15:51:52.401] [DEBUG] cheese - admin
[2019-11-20T15:51:52.427] [DEBUG] cheese - null
[2019-11-20T15:51:52.428] [DEBUG] cheese - null
[2019-11-21T09:51:54.072] [DEBUG] cheese - login => username:admin,password:123456
[2019-11-21T09:51:54.074] [DEBUG] cheese - admin
[2019-11-21T09:51:54.117] [DEBUG] cheese - null
[2019-11-21T09:51:54.118] [DEBUG] cheese - null
[2019-11-21T20:34:33.023] [DEBUG] cheese - login => username:admin,password:123456
[2019-11-21T20:34:33.025] [DEBUG] cheese - admin
[2019-11-21T20:34:33.091] [DEBUG] cheese - null
[2019-11-21T20:34:33.091] [DEBUG] cheese - null
[2019-11-21T21:27:13.916] [DEBUG] cheese - login => username:ZKY,password:123
[2019-11-21T21:27:13.917] [DEBUG] cheese - ZKY
[2019-11-21T21:27:13.921] [DEBUG] cheese - null
[2019-11-21T21:27:13.921] [DEBUG] cheese - null
[2019-11-21T21:27:15.406] [DEBUG] cheese - login => username:ZKY,password:123
[2019-11-21T21:27:15.407] [DEBUG] cheese - ZKY
[2019-11-21T21:27:15.411] [DEBUG] cheese - null
[2019-11-21T21:27:15.411] [DEBUG] cheese - null
[2019-11-21T21:27:16.210] [DEBUG] cheese - login => username:ZKY,password:123
[2019-11-21T21:27:16.210] [DEBUG] cheese - ZKY
[2019-11-21T21:27:16.213] [DEBUG] cheese - null
[2019-11-21T21:27:16.213] [DEBUG] cheese - null
[2019-11-21T21:27:16.833] [DEBUG] cheese - login => username:ZKY,password:123
[2019-11-21T21:27:16.833] [DEBUG] cheese - ZKY
[2019-11-21T21:27:16.836] [DEBUG] cheese - null
[2019-11-21T21:27:16.836] [DEBUG] cheese - null
[2019-11-21T21:27:17.412] [DEBUG] cheese - login => username:ZKY,password:123
[2019-11-21T21:27:17.412] [DEBUG] cheese - ZKY
[2019-11-21T21:27:17.415] [DEBUG] cheese - null
[2019-11-21T21:27:17.415] [DEBUG] cheese - null
[2019-11-21T21:27:17.916] [DEBUG] cheese - login => username:ZKY,password:123
[2019-11-21T21:27:17.916] [DEBUG] cheese - ZKY
[2019-11-21T21:27:17.918] [DEBUG] cheese - null
[2019-11-21T21:27:17.918] [DEBUG] cheese - null
[2019-11-21T21:27:18.369] [DEBUG] cheese - login => username:ZKY,password:123
[2019-11-21T21:27:18.369] [DEBUG] cheese - ZKY
[2019-11-21T21:27:18.372] [DEBUG] cheese - null
[2019-11-21T21:27:18.372] [DEBUG] cheese - null
[2019-11-21T21:27:18.891] [DEBUG] cheese - login => username:ZKY,password:123
[2019-11-21T21:27:18.891] [DEBUG] cheese - ZKY
[2019-11-21T21:27:18.893] [DEBUG] cheese - null
[2019-11-21T21:27:18.893] [DEBUG] cheese - null
[2019-11-21T21:27:19.294] [DEBUG] cheese - login => username:ZKY,password:123
[2019-11-21T21:27:19.294] [DEBUG] cheese - ZKY
[2019-11-21T21:27:19.297] [DEBUG] cheese - null
[2019-11-21T21:27:19.297] [DEBUG] cheese - null
[2019-11-21T21:27:19.473] [DEBUG] cheese - login => username:ZKY,password:123
[2019-11-21T21:27:19.473] [DEBUG] cheese - ZKY
[2019-11-21T21:27:19.476] [DEBUG] cheese - null
[2019-11-21T21:27:19.476] [DEBUG] cheese - null
[2019-11-21T21:27:20.281] [DEBUG] cheese - login => username:ZKY,password:123
[2019-11-21T21:27:20.281] [DEBUG] cheese - ZKY
[2019-11-21T21:27:20.283] [DEBUG] cheese - null
[2019-11-21T21:27:20.283] [DEBUG] cheese - null
[2019-11-21T21:27:21.734] [DEBUG] cheese - login => username:admin,password:123456
[2019-11-21T21:27:21.734] [DEBUG] cheese - admin
[2019-11-21T21:27:21.737] [DEBUG] cheese - null
[2019-11-21T21:27:21.737] [DEBUG] cheese - null
[2020-08-03T17:07:43.785] [DEBUG] cheese - login => username:admin,password:123456
[2020-08-03T17:07:43.787] [DEBUG] cheese - admin
[2020-08-03T17:07:43.806] [DEBUG] cheese - null
[2020-08-03T17:07:43.806] [DEBUG] cheese - null
[2020-08-03T21:56:28.008] [DEBUG] cheese - login => username:admin,password:123456
[2020-08-03T21:56:28.010] [DEBUG] cheese - admin
[2020-08-03T21:56:28.022] [DEBUG] cheese - null
[2020-08-03T21:56:28.022] [DEBUG] cheese - null
[2020-08-03T22:07:31.326] [DEBUG] cheese - login => username:admin,password:123456
[2020-08-03T22:07:31.327] [DEBUG] cheese - admin
[2020-08-03T22:07:31.332] [DEBUG] cheese - null
[2020-08-03T22:07:31.332] [DEBUG] cheese - null
[2020-08-03T22:07:33.254] [DEBUG] cheese - login => username:admin,password:123456
[2020-08-03T22:07:33.254] [DEBUG] cheese - admin
[2020-08-03T22:07:33.257] [DEBUG] cheese - null
[2020-08-03T22:07:33.257] [DEBUG] cheese - null
[2020-08-03T22:08:06.234] [DEBUG] cheese - login => username:admin,password:123456
[2020-08-03T22:08:06.234] [DEBUG] cheese - admin
[2020-08-03T22:08:06.240] [DEBUG] cheese - null
[2020-08-03T22:08:06.240] [DEBUG] cheese - null
[2020-08-03T22:17:58.288] [DEBUG] cheese - login => username:admin,password:123456
[2020-08-03T22:17:58.288] [DEBUG] cheese - admin
[2020-08-03T22:17:58.294] [DEBUG] cheese - null
[2020-08-03T22:17:58.294] [DEBUG] cheese - null
[2020-08-03T22:19:24.279] [DEBUG] cheese - login => username:admin,password:123456
[2020-08-03T22:19:24.280] [DEBUG] cheese - admin
[2020-08-03T22:19:24.283] [DEBUG] cheese - null
[2020-08-03T22:19:24.283] [DEBUG] cheese - null
[2020-08-03T22:38:45.593] [DEBUG] cheese - login => username:admin,password:123456
[2020-08-03T22:38:45.593] [DEBUG] cheese - admin
[2020-08-03T22:38:45.596] [DEBUG] cheese - null
[2020-08-03T22:38:45.596] [DEBUG] cheese - null
[2020-08-04T16:29:19.653] [DEBUG] cheese - login => username:admin,password:123456
[2020-08-04T16:29:19.653] [DEBUG] cheese - admin
[2020-08-04T16:29:19.702] [DEBUG] cheese - null
[2020-08-04T16:29:19.703] [DEBUG] cheese - null
[2020-08-04T16:32:04.993] [DEBUG] cheese - login => username:admin,password:123456
[2020-08-04T16:32:04.993] [DEBUG] cheese - admin
[2020-08-04T16:32:04.995] [DEBUG] cheese - null
[2020-08-04T16:32:04.996] [DEBUG] cheese - null
[2020-08-04T16:48:52.847] [DEBUG] cheese - login => username:admin,password:123456
[2020-08-04T16:48:52.847] [DEBUG] cheese - admin
[2020-08-04T16:48:52.850] [DEBUG] cheese - null
[2020-08-04T16:48:52.851] [DEBUG] cheese - null
[2020-08-04T16:57:06.239] [DEBUG] cheese - login => username:admin,password:123456
[2020-08-04T16:57:06.239] [DEBUG] cheese - admin
[2020-08-04T16:57:06.245] [DEBUG] cheese - null
[2020-08-04T16:57:06.245] [DEBUG] cheese - null
[2020-08-04T17:38:58.691] [DEBUG] cheese - login => username:admin,password:123456
[2020-08-04T17:38:58.693] [DEBUG] cheese - admin
[2020-08-04T17:38:58.706] [DEBUG] cheese - null
[2020-08-04T17:38:58.707] [DEBUG] cheese - null
[2020-08-04T17:57:35.534] [DEBUG] cheese - login => username:admin,password:123456
[2020-08-04T17:57:35.534] [DEBUG] cheese - admin
[2020-08-04T17:57:35.539] [DEBUG] cheese - null
[2020-08-04T17:57:35.539] [DEBUG] cheese - null
[2020-08-04T18:20:40.380] [DEBUG] cheese - login => username:admin,password:123456
[2020-08-04T18:20:40.382] [DEBUG] cheese - admin
[2020-08-04T18:20:40.396] [DEBUG] cheese - null
[2020-08-04T18:20:40.396] [DEBUG] cheese - null
[2020-08-04T18:26:00.785] [DEBUG] cheese - login => username:admin,password:123456
[2020-08-04T18:26:00.785] [DEBUG] cheese - admin
[2020-08-04T18:26:00.794] [DEBUG] cheese - null
[2020-08-04T18:26:00.794] [DEBUG] cheese - null
[2020-08-04T18:33:30.181] [DEBUG] cheese - login => username:admin,password:123456
[2020-08-04T18:33:30.181] [DEBUG] cheese - admin
[2020-08-04T18:33:30.184] [DEBUG] cheese - null
[2020-08-04T18:33:30.184] [DEBUG] cheese - null
[2020-08-04T18:45:30.600] [DEBUG] cheese - login => username:admin,password:123456
[2020-08-04T18:45:30.604] [DEBUG] cheese - admin
[2020-08-04T18:45:30.627] [DEBUG] cheese - null
[2020-08-04T18:45:30.627] [DEBUG] cheese - null
[2020-08-04T18:47:00.037] [DEBUG] cheese - login => username:admin,password:123456
[2020-08-04T18:47:00.037] [DEBUG] cheese - admin
[2020-08-04T18:47:00.055] [DEBUG] cheese - null
[2020-08-04T18:47:00.055] [DEBUG] cheese - null
[2020-08-04T20:30:36.557] [DEBUG] cheese - login => username:admin,password:123456
[2020-08-04T20:30:36.557] [DEBUG] cheese - admin
[2020-08-04T20:30:36.561] [DEBUG] cheese - null
[2020-08-04T20:30:36.561] [DEBUG] cheese - null
[2020-08-04T20:43:53.275] [DEBUG] cheese - login => username:admin,password:123456
[2020-08-04T20:43:53.275] [DEBUG] cheese - admin
[2020-08-04T20:43:53.280] [DEBUG] cheese - null
[2020-08-04T20:43:53.280] [DEBUG] cheese - null
[2020-08-05T09:25:20.104] [DEBUG] cheese - login => username:admin,password:123456
[2020-08-05T09:25:20.106] [DEBUG] cheese - admin
[2020-08-05T09:25:20.121] [DEBUG] cheese - null
[2020-08-05T09:25:20.122] [DEBUG] cheese - null
[2020-08-05T09:26:15.053] [DEBUG] cheese - login => username:admin,password:123456
[2020-08-05T09:26:15.053] [DEBUG] cheese - admin
[2020-08-05T09:26:15.058] [DEBUG] cheese - null
[2020-08-05T09:26:15.058] [DEBUG] cheese - null
[2020-08-05T14:36:23.461] [DEBUG] cheese - login => username:admin,password:123456
[2020-08-05T14:36:23.461] [DEBUG] cheese - admin
[2020-08-05T14:36:23.465] [DEBUG] cheese - null
[2020-08-05T14:36:23.465] [DEBUG] cheese - null
[2020-08-05T15:40:25.530] [DEBUG] cheese - login => username:admin,password:123456
[2020-08-05T15:40:25.530] [DEBUG] cheese - admin
[2020-08-05T15:40:25.536] [DEBUG] cheese - null
[2020-08-05T15:40:25.536] [DEBUG] cheese - null
[2020-08-05T19:21:45.391] [DEBUG] cheese - null
[2020-08-05T22:37:20.108] [DEBUG] cheese - login => username:admin,password:123456
[2020-08-05T22:37:20.109] [DEBUG] cheese - admin
[2020-08-05T22:37:20.114] [DEBUG] cheese - null
[2020-08-05T22:37:20.114] [DEBUG] cheese - null
[2020-08-05T22:38:52.699] [DEBUG] cheese - login => username:admin,password:123456
[2020-08-05T22:38:52.700] [DEBUG] cheese - admin
[2020-08-05T22:38:52.706] [DEBUG] cheese - null
[2020-08-05T22:38:52.706] [DEBUG] cheese - null
[2020-08-06T08:15:12.609] [DEBUG] cheese - login => username:admin,password:123456
[2020-08-06T08:15:12.612] [DEBUG] cheese - admin
[2020-08-06T08:15:12.636] [DEBUG] cheese - null
[2020-08-06T08:15:12.637] [DEBUG] cheese - null
[2020-08-06T08:23:38.782] [DEBUG] cheese - login => username:admin,password:123456
[2020-08-06T08:23:38.782] [DEBUG] cheese - admin
[2020-08-06T08:23:38.786] [DEBUG] cheese - null
[2020-08-06T08:23:38.786] [DEBUG] cheese - null
[2020-08-06T08:30:40.234] [DEBUG] cheese - login => username:admin,password:123456
[2020-08-06T08:30:40.234] [DEBUG] cheese - admin
[2020-08-06T08:30:40.238] [DEBUG] cheese - null
[2020-08-06T08:30:40.238] [DEBUG] cheese - null
[2020-08-06T08:42:06.736] [DEBUG] cheese - login => username:admin,password:123456
[2020-08-06T08:42:06.739] [DEBUG] cheese - admin
[2020-08-06T08:42:06.760] [DEBUG] cheese - null
[2020-08-06T08:42:06.760] [DEBUG] cheese - null
[2020-08-06T18:31:30.738] [DEBUG] cheese - login => username:admin,password:123456
[2020-08-06T18:31:30.740] [DEBUG] cheese - admin
[2020-08-06T18:31:30.780] [DEBUG] cheese - null
[2020-08-06T18:31:30.780] [DEBUG] cheese - null
[2020-08-06T21:02:54.291] [DEBUG] cheese - login => username:admin,password:123456
[2020-08-06T21:02:54.291] [DEBUG] cheese - admin
[2020-08-06T21:02:54.296] [DEBUG] cheese - null
[2020-08-06T21:02:54.296] [DEBUG] cheese - null
[2020-08-06T22:48:31.872] [DEBUG] cheese - login => username:admin,password:123456
[2020-08-06T22:48:31.872] [DEBUG] cheese - admin
[2020-08-06T22:48:31.878] [DEBUG] cheese - null
[2020-08-06T22:48:31.878] [DEBUG] cheese - null
[2020-08-07T20:44:48.147] [DEBUG] cheese - login => username:admin,password:123456
[2020-08-07T20:44:48.149] [DEBUG] cheese - admin
[2020-08-07T20:44:48.165] [DEBUG] cheese - null
[2020-08-07T20:44:48.166] [DEBUG] cheese - null
[2020-08-07T20:47:41.283] [DEBUG] cheese - login => username:admin,password:123456
[2020-08-07T20:47:41.284] [DEBUG] cheese - admin
[2020-08-07T20:47:41.287] [DEBUG] cheese - null
[2020-08-07T20:47:41.287] [DEBUG] cheese - null
[2020-08-07T20:47:43.836] [DEBUG] cheese - login => username:admin,password:123456
[2020-08-07T20:47:43.836] [DEBUG] cheese - admin
[2020-08-07T20:47:43.839] [DEBUG] cheese - null
[2020-08-07T20:47:43.839] [DEBUG] cheese - null
[2020-08-07T20:47:46.316] [DEBUG] cheese - login => username:admin,password:123456
[2020-08-07T20:47:46.316] [DEBUG] cheese - admin
[2020-08-07T20:47:46.321] [DEBUG] cheese - null
[2020-08-07T20:47:46.321] [DEBUG] cheese - null
[2020-08-07T20:47:47.247] [DEBUG] cheese - login => username:admin,password:123456
[2020-08-07T20:47:47.247] [DEBUG] cheese - admin
[2020-08-07T20:47:47.251] [DEBUG] cheese - null
[2020-08-07T20:47:47.251] [DEBUG] cheese - null
[2020-08-07T20:48:05.316] [DEBUG] cheese - login => username:admin,password:123456
[2020-08-07T20:48:05.317] [DEBUG] cheese - admin
[2020-08-07T20:48:05.324] [DEBUG] cheese - null
[2020-08-07T20:48:05.324] [DEBUG] cheese - null
[2020-08-07T20:49:55.100] [DEBUG] cheese - login => username:admin,password:123456
[2020-08-07T20:49:55.100] [DEBUG] cheese - admin
[2020-08-07T20:49:55.105] [DEBUG] cheese - null
[2020-08-07T20:49:55.105] [DEBUG] cheese - null
[2020-08-08T10:56:05.411] [DEBUG] cheese - login => username:admin,password:123456
[2020-08-08T10:56:05.413] [DEBUG] cheese - admin
[2020-08-08T10:56:05.426] [DEBUG] cheese - null
[2020-08-08T10:56:05.427] [DEBUG] cheese - null
[2020-08-08T15:45:03.017] [DEBUG] cheese - login => username:admin,password:123456
[2020-08-08T15:45:03.017] [DEBUG] cheese - admin
[2020-08-08T15:45:03.021] [DEBUG] cheese - null
[2020-08-08T15:45:03.022] [DEBUG] cheese - null
[2020-08-08T16:49:28.353] [DEBUG] cheese - login => username:admin,password:123456
[2020-08-08T16:49:28.353] [DEBUG] cheese - admin
[2020-08-08T16:49:28.363] [DEBUG] cheese - null
[2020-08-08T16:49:28.363] [DEBUG] cheese - null
[2020-08-08T16:51:39.375] [DEBUG] cheese - login => username:admin,password:123456
[2020-08-08T16:51:39.375] [DEBUG] cheese - admin
[2020-08-08T16:51:39.378] [DEBUG] cheese - null
[2020-08-08T16:51:39.379] [DEBUG] cheese - null
[2020-08-08T16:57:38.365] [DEBUG] cheese - login => username:admin,password:123456
[2020-08-08T16:57:38.365] [DEBUG] cheese - admin
[2020-08-08T16:57:38.370] [DEBUG] cheese - null
[2020-08-08T16:57:38.370] [DEBUG] cheese - null
[2020-08-08T17:28:23.513] [DEBUG] cheese - null
[2020-08-08T17:31:09.321] [DEBUG] cheese - login => username:admin,password:123456
[2020-08-08T17:31:09.321] [DEBUG] cheese - admin
[2020-08-08T17:31:09.326] [DEBUG] cheese - null
[2020-08-08T17:31:09.326] [DEBUG] cheese - null
[2020-08-08T17:33:29.619] [DEBUG] cheese - null
[2020-08-08T17:34:31.881] [DEBUG] cheese - null
[2020-08-08T17:34:40.857] [DEBUG] cheese - null
[2020-08-08T17:38:49.710] [DEBUG] cheese - null
[2020-08-08T17:39:59.015] [DEBUG] cheese - null
[2020-08-08T17:41:13.848] [DEBUG] cheese - null
[2020-08-08T17:41:51.268] [DEBUG] cheese - null
[2020-08-09T21:17:23.752] [DEBUG] cheese - login => username:admin,password:123456
[2020-08-09T21:17:23.754] [DEBUG] cheese - admin
[2020-08-09T21:17:23.769] [DEBUG] cheese - null
[2020-08-09T21:17:23.770] [DEBUG] cheese - null
[2020-08-09T21:56:19.024] [DEBUG] cheese - login => username:admin,password:123456
[2020-08-09T21:56:19.024] [DEBUG] cheese - admin
[2020-08-09T21:56:19.029] [DEBUG] cheese - null
[2020-08-09T21:56:19.029] [DEBUG] cheese - null
[2020-08-09T23:00:07.080] [DEBUG] cheese - login => username:admin,password:123456
[2020-08-09T23:00:07.080] [DEBUG] cheese - admin
[2020-08-09T23:00:07.083] [DEBUG] cheese - null
[2020-08-09T23:00:07.083] [DEBUG] cheese - null
[2020-08-09T23:33:08.867] [DEBUG] cheese - login => username:admin,password:123456
[2020-08-09T23:33:08.868] [DEBUG] cheese - admin
[2020-08-09T23:33:08.877] [DEBUG] cheese - null
[2020-08-09T23:33:08.878] [DEBUG] cheese - null
[2020-08-09T23:44:26.545] [DEBUG] cheese - login => username:admin,password:123456
[2020-08-09T23:44:26.546] [DEBUG] cheese - admin
[2020-08-09T23:44:26.551] [DEBUG] cheese - null
[2020-08-09T23:44:26.551] [DEBUG] cheese - null
[2020-08-09T23:46:59.327] [DEBUG] cheese - login => username:admin,password:123456
[2020-08-09T23:46:59.327] [DEBUG] cheese - admin
[2020-08-09T23:46:59.330] [DEBUG] cheese - null
[2020-08-09T23:46:59.332] [DEBUG] cheese - null
[2020-08-10T08:41:40.334] [DEBUG] cheese - login => username:admin,password:123456
[2020-08-10T08:41:40.336] [DEBUG] cheese - admin
[2020-08-10T08:41:40.350] [DEBUG] cheese - null
[2020-08-10T08:41:40.350] [DEBUG] cheese - null
[2020-08-10T19:05:25.156] [DEBUG] cheese - login => username:admin,password:123456
[2020-08-10T19:05:25.159] [DEBUG] cheese - admin
[2020-08-10T19:05:25.235] [DEBUG] cheese - null
[2020-08-10T19:05:25.236] [DEBUG] cheese - null
[2020-08-10T19:06:40.217] [DEBUG] cheese - login => username:admin,password:123456
[2020-08-10T19:06:40.217] [DEBUG] cheese - admin
[2020-08-10T19:06:40.222] [DEBUG] cheese - null
[2020-08-10T19:06:40.223] [DEBUG] cheese - null
[2020-08-10T19:09:59.237] [DEBUG] cheese - login => username:admin,password:123456
[2020-08-10T19:09:59.237] [DEBUG] cheese - admin
[2020-08-10T19:09:59.245] [DEBUG] cheese - null
[2020-08-10T19:09:59.245] [DEBUG] cheese - null
[2020-08-10T19:11:54.489] [DEBUG] cheese - login => username:admin,password:123456
[2020-08-10T19:11:54.489] [DEBUG] cheese - admin
[2020-08-10T19:11:54.496] [DEBUG] cheese - null
[2020-08-10T19:11:54.496] [DEBUG] cheese - null
[2020-08-10T19:12:58.929] [DEBUG] cheese - login => username:admin,password:123456
[2020-08-10T19:12:58.929] [DEBUG] cheese - admin
[2020-08-10T19:12:58.934] [DEBUG] cheese - null
[2020-08-10T19:12:58.936] [DEBUG] cheese - null
[2020-08-10T19:20:43.070] [DEBUG] cheese - login => username:admin,password:123456
[2020-08-10T19:20:43.070] [DEBUG] cheese - admin
[2020-08-10T19:20:43.079] [DEBUG] cheese - null
[2020-08-10T19:20:43.080] [DEBUG] cheese - null
[2020-08-10T20:21:27.519] [DEBUG] cheese - login => username:admin,password:123456
[2020-08-10T20:21:27.519] [DEBUG] cheese - admin
[2020-08-10T20:21:27.529] [DEBUG] cheese - null
[2020-08-10T20:21:27.529] [DEBUG] cheese - null
[2020-08-11T16:47:05.249] [DEBUG] cheese - login => username:admin,password:123456
[2020-08-11T16:47:05.251] [DEBUG] cheese - admin
[2020-08-11T16:47:05.279] [DEBUG] cheese - null
[2020-08-11T16:47:05.279] [DEBUG] cheese - null
[2020-08-11T16:47:09.013] [DEBUG] cheese - login => username:admin,password:123456
[2020-08-11T16:47:09.013] [DEBUG] cheese - admin
[2020-08-11T16:47:09.016] [DEBUG] cheese - null
[2020-08-11T16:47:09.016] [DEBUG] cheese - null
[2020-08-11T17:45:59.535] [DEBUG] cheese - null
[2020-08-12T08:16:36.033] [DEBUG] cheese - login => username:admin,password:123456
[2020-08-12T08:16:36.035] [DEBUG] cheese - admin
[2020-08-12T08:16:36.049] [DEBUG] cheese - null
[2020-08-12T08:16:36.050] [DEBUG] cheese - null
[2020-08-12T08:27:28.995] [DEBUG] cheese - login => username:admin,password:123456
[2020-08-12T08:27:28.995] [DEBUG] cheese - admin
[2020-08-12T08:27:29.002] [DEBUG] cheese - null
[2020-08-12T08:27:29.002] [DEBUG] cheese - null
[2020-08-14T11:45:49.777] [DEBUG] cheese - login => username:admin,password:123456
[2020-08-14T11:45:49.779] [DEBUG] cheese - admin
[2020-08-14T11:45:49.832] [DEBUG] cheese - null
[2020-08-14T11:45:49.833] [DEBUG] cheese - null
